<html>
<body>
<pre>
<h1>µVision Build Log</h1>
<h2>Tool Versions:</h2>
IDE-Version: µVision V5.26.2.0
Copyright (C) 2018 ARM Ltd and ARM Germany GmbH. All rights reserved.
License Information: Pablo Plumed, UNIZAR, LIC=----
 
Tool Versions:
Toolchain:       MDK-Lite  Version: 5.26.2.0
Toolchain Path:  C:\Keil_v5\ARM\ARMCC\Bin
C Compiler:      Armcc.exe V5.06 update 6 (build 750)
Assembler:       Armasm.exe V5.06 update 6 (build 750)
Linker/Locator:  ArmLink.exe V5.06 update 6 (build 750)
Library Manager: ArmAr.exe V5.06 update 6 (build 750)
Hex Converter:   FromElf.exe V5.06 update 6 (build 750)
CPU DLL:         SARM.DLL V5.26.2.0
Dialog DLL:      DARMP.DLL V1.53.0.0
Target DLL:      UL2ARM.DLL V1.74.10.0
Dialog DLL:      TARMP.DLL V1.53.0.0
 
<h2>Project:</h2>
C:\users\Pablo1\Documents\HW_Guitar_Hero\lpc\keil\blink_lpc.uvproj
Project File Date:  11/22/2025

<h2>Output:</h2>
*** Using Compiler 'V5.06 update 6 (build 750)', folder: 'C:\Keil_v5\ARM\ARMCC\Bin'
Rebuild Project 'blink_lpc' - Target 'LPC'
compiling drv_consumo.c...
compiling drv_leds.c...
compiling rt_fifo.c...
compiling drv_monitor.c...
compiling drv_botones.c...
compiling drv_tiempo.c...
compiling main.c...
compiling guitar_hero.c...
C:\users\Pablo1\Documents\HW_Guitar_Hero\src\guitar_hero.c(109): error:  #165: too few arguments in function call
  		sec_fin_gh();
C:\users\Pablo1\Documents\HW_Guitar_Hero\src\guitar_hero.c(121): error:  #165: too few arguments in function call
          sec_fin_gh();
C:\users\Pablo1\Documents\HW_Guitar_Hero\src\guitar_hero.c(241): error:  #20: identifier "cuenta_fin" is undefined
  	cuenta_fin = 0;
C:\users\Pablo1\Documents\HW_Guitar_Hero\src\guitar_hero.c(301): warning:  #223-D: function "drv_uart_init" declared implicitly
      drv_uart_init(9600);
..\..\src\guitar_hero.c: 1 warning, 3 errors
compiling svc_alarma.c...
compiling rt_GE.c...
compiling drv_sc.c...
compiling drv_wdt.c...
compiling bit_counter_strike.c...
compiling hal_gpio_lpc.c...
compiling hal_sc_lpc.c...
compiling hal_tiempo_lpc.c...
compiling hal_consumo_lpc.c...
assembling Startup.s...
compiling hal_random_lpc.c...
compiling hal_ext_int_lpc.c...
compiling hal_wdt_lpc.c...
".\Objects\blink_lpc.axf" - 3 Error(s), 1 Warning(s).
Target not created.
Build Time Elapsed:  00:00:07
</pre>
</body>
</html>
